Output:  /zhome/77/9/213690/biometrics/black-hole/out/VIT-21k/both_mirrored_eyes/Run_0-1
Epochs:  20
Learning rate:  0.0002
Dataset:  both_mirrored_eyes
Batch size:  16
Labels of Dataset: ['female', 'male']
Loaded accuracy
ViTImageProcessor {
  "do_convert_rgb": null,
  "do_normalize": true,
  "do_rescale": true,
  "do_resize": true,
  "image_mean": [
    0.5,
    0.5,
    0.5
  ],
  "image_processor_type": "ViTImageProcessor",
  "image_std": [
    0.5,
    0.5,
    0.5
  ],
  "resample": 2,
  "rescale_factor": 0.00392156862745098,
  "size": {
    "height": 224,
    "width": 224
  }
}

ViTForImageClassification(
  (vit): ViTModel(
    (embeddings): ViTEmbeddings(
      (patch_embeddings): ViTPatchEmbeddings(
        (projection): Conv2d(3, 768, kernel_size=(16, 16), stride=(16, 16))
      )
      (dropout): Dropout(p=0.0, inplace=False)
    )
    (encoder): ViTEncoder(
      (layer): ModuleList(
        (0-11): 12 x ViTLayer(
          (attention): ViTAttention(
            (attention): ViTSelfAttention(
              (query): Linear(in_features=768, out_features=768, bias=True)
              (key): Linear(in_features=768, out_features=768, bias=True)
              (value): Linear(in_features=768, out_features=768, bias=True)
            )
            (output): ViTSelfOutput(
              (dense): Linear(in_features=768, out_features=768, bias=True)
              (dropout): Dropout(p=0.0, inplace=False)
            )
          )
          (intermediate): ViTIntermediate(
            (dense): Linear(in_features=768, out_features=3072, bias=True)
            (intermediate_act_fn): GELUActivation()
          )
          (output): ViTOutput(
            (dense): Linear(in_features=3072, out_features=768, bias=True)
            (dropout): Dropout(p=0.0, inplace=False)
          )
          (layernorm_before): LayerNorm((768,), eps=1e-12, elementwise_affine=True)
          (layernorm_after): LayerNorm((768,), eps=1e-12, elementwise_affine=True)
        )
      )
    )
    (layernorm): LayerNorm((768,), eps=1e-12, elementwise_affine=True)
  )
  (classifier): Linear(in_features=768, out_features=2, bias=True)
)
{'loss': 0.7033, 'grad_norm': 0.7029151320457458, 'learning_rate': 0.00019940000000000002, 'epoch': 0.07}
{'loss': 0.672, 'grad_norm': 0.7994204759597778, 'learning_rate': 0.00019873333333333336, 'epoch': 0.13}
{'loss': 0.6704, 'grad_norm': 2.0639727115631104, 'learning_rate': 0.00019806666666666667, 'epoch': 0.2}
{'loss': 0.673, 'grad_norm': 2.056774854660034, 'learning_rate': 0.0001974, 'epoch': 0.27}
{'loss': 0.7072, 'grad_norm': 1.4475070238113403, 'learning_rate': 0.00019673333333333334, 'epoch': 0.33}
{'eval_loss': 0.6440433859825134, 'eval_accuracy': 0.6733333333333333, 'eval_runtime': 7.8737, 'eval_samples_per_second': 76.203, 'eval_steps_per_second': 9.525, 'epoch': 0.33}
{'loss': 0.6323, 'grad_norm': 0.9928372502326965, 'learning_rate': 0.00019606666666666667, 'epoch': 0.4}
{'loss': 0.6485, 'grad_norm': 1.207489013671875, 'learning_rate': 0.0001954, 'epoch': 0.47}
{'loss': 0.6302, 'grad_norm': 4.76076078414917, 'learning_rate': 0.00019473333333333334, 'epoch': 0.53}
{'loss': 0.6109, 'grad_norm': 2.209171772003174, 'learning_rate': 0.00019406666666666668, 'epoch': 0.6}
{'loss': 0.6196, 'grad_norm': 2.3160011768341064, 'learning_rate': 0.0001934, 'epoch': 0.67}
{'eval_loss': 0.5891767144203186, 'eval_accuracy': 0.66, 'eval_runtime': 7.4046, 'eval_samples_per_second': 81.031, 'eval_steps_per_second': 10.129, 'epoch': 0.67}
{'loss': 0.676, 'grad_norm': 0.5331369638442993, 'learning_rate': 0.00019273333333333335, 'epoch': 0.73}
{'loss': 0.6567, 'grad_norm': 1.803531527519226, 'learning_rate': 0.00019206666666666668, 'epoch': 0.8}
{'loss': 0.5468, 'grad_norm': 3.3472750186920166, 'learning_rate': 0.0001914, 'epoch': 0.87}
{'loss': 0.6054, 'grad_norm': 0.877534806728363, 'learning_rate': 0.00019073333333333335, 'epoch': 0.93}
{'loss': 0.6724, 'grad_norm': 1.2114781141281128, 'learning_rate': 0.0001900666666666667, 'epoch': 1.0}
{'eval_loss': 0.5927413702011108, 'eval_accuracy': 0.6783333333333333, 'eval_runtime': 7.5065, 'eval_samples_per_second': 79.931, 'eval_steps_per_second': 9.991, 'epoch': 1.0}
{'loss': 0.5596, 'grad_norm': 0.5528374314308167, 'learning_rate': 0.0001894, 'epoch': 1.07}
{'loss': 0.4812, 'grad_norm': 3.5917704105377197, 'learning_rate': 0.00018873333333333333, 'epoch': 1.13}
{'loss': 0.5734, 'grad_norm': 1.741924524307251, 'learning_rate': 0.0001880666666666667, 'epoch': 1.2}
{'loss': 0.5524, 'grad_norm': 1.1174246072769165, 'learning_rate': 0.00018740000000000003, 'epoch': 1.27}
{'loss': 0.5769, 'grad_norm': 4.724742412567139, 'learning_rate': 0.00018673333333333334, 'epoch': 1.33}
{'eval_loss': 0.70659339427948, 'eval_accuracy': 0.6533333333333333, 'eval_runtime': 7.365, 'eval_samples_per_second': 81.466, 'eval_steps_per_second': 10.183, 'epoch': 1.33}
{'loss': 0.5561, 'grad_norm': 1.594111442565918, 'learning_rate': 0.00018606666666666667, 'epoch': 1.4}
{'loss': 0.6222, 'grad_norm': 0.9246103763580322, 'learning_rate': 0.0001854, 'epoch': 1.47}
{'loss': 0.5524, 'grad_norm': 1.3673784732818604, 'learning_rate': 0.00018473333333333334, 'epoch': 1.53}
{'loss': 0.4521, 'grad_norm': 1.9662578105926514, 'learning_rate': 0.00018406666666666668, 'epoch': 1.6}
{'loss': 0.4779, 'grad_norm': 0.9871947765350342, 'learning_rate': 0.0001834, 'epoch': 1.67}
{'eval_loss': 0.4481240212917328, 'eval_accuracy': 0.7816666666666666, 'eval_runtime': 7.5273, 'eval_samples_per_second': 79.71, 'eval_steps_per_second': 9.964, 'epoch': 1.67}
{'loss': 0.5431, 'grad_norm': 1.377312183380127, 'learning_rate': 0.00018273333333333332, 'epoch': 1.73}
{'loss': 0.503, 'grad_norm': 1.214697241783142, 'learning_rate': 0.00018206666666666668, 'epoch': 1.8}
{'loss': 0.437, 'grad_norm': 1.117106318473816, 'learning_rate': 0.00018140000000000002, 'epoch': 1.87}
{'loss': 0.4687, 'grad_norm': 1.175957202911377, 'learning_rate': 0.00018073333333333333, 'epoch': 1.93}
{'loss': 0.4317, 'grad_norm': 2.344428539276123, 'learning_rate': 0.00018006666666666666, 'epoch': 2.0}
{'eval_loss': 0.5550172924995422, 'eval_accuracy': 0.7666666666666667, 'eval_runtime': 7.3526, 'eval_samples_per_second': 81.603, 'eval_steps_per_second': 10.2, 'epoch': 2.0}
{'loss': 0.4176, 'grad_norm': 2.43164324760437, 'learning_rate': 0.00017940000000000002, 'epoch': 2.07}
{'loss': 0.3729, 'grad_norm': 2.0477490425109863, 'learning_rate': 0.00017873333333333336, 'epoch': 2.13}
{'loss': 0.3185, 'grad_norm': 2.724889039993286, 'learning_rate': 0.00017806666666666667, 'epoch': 2.2}
{'loss': 0.3752, 'grad_norm': 4.039631366729736, 'learning_rate': 0.0001774, 'epoch': 2.27}
{'loss': 0.4935, 'grad_norm': 3.4185357093811035, 'learning_rate': 0.00017673333333333334, 'epoch': 2.33}
{'eval_loss': 0.6362482905387878, 'eval_accuracy': 0.74, 'eval_runtime': 7.4809, 'eval_samples_per_second': 80.204, 'eval_steps_per_second': 10.026, 'epoch': 2.33}
{'loss': 0.4141, 'grad_norm': 1.4555995464324951, 'learning_rate': 0.00017606666666666667, 'epoch': 2.4}
{'loss': 0.3343, 'grad_norm': 1.4869184494018555, 'learning_rate': 0.0001754, 'epoch': 2.47}
{'loss': 0.3014, 'grad_norm': 5.048161506652832, 'learning_rate': 0.00017473333333333334, 'epoch': 2.53}
{'loss': 0.3957, 'grad_norm': 2.2912142276763916, 'learning_rate': 0.00017406666666666668, 'epoch': 2.6}
{'loss': 0.3816, 'grad_norm': 1.0422042608261108, 'learning_rate': 0.0001734, 'epoch': 2.67}
{'eval_loss': 0.3885641396045685, 'eval_accuracy': 0.8333333333333334, 'eval_runtime': 7.3431, 'eval_samples_per_second': 81.709, 'eval_steps_per_second': 10.214, 'epoch': 2.67}
{'loss': 0.3543, 'grad_norm': 1.048712968826294, 'learning_rate': 0.00017273333333333335, 'epoch': 2.73}
{'loss': 0.3731, 'grad_norm': 0.9949795603752136, 'learning_rate': 0.00017206666666666666, 'epoch': 2.8}
{'loss': 0.3248, 'grad_norm': 1.1437500715255737, 'learning_rate': 0.0001714, 'epoch': 2.87}
{'loss': 0.4957, 'grad_norm': 4.25363302230835, 'learning_rate': 0.00017073333333333335, 'epoch': 2.93}
{'loss': 0.3675, 'grad_norm': 2.8534951210021973, 'learning_rate': 0.0001700666666666667, 'epoch': 3.0}
{'eval_loss': 0.4539175033569336, 'eval_accuracy': 0.795, 'eval_runtime': 7.6823, 'eval_samples_per_second': 78.101, 'eval_steps_per_second': 9.763, 'epoch': 3.0}
{'loss': 0.1735, 'grad_norm': 1.0614426136016846, 'learning_rate': 0.0001694, 'epoch': 3.07}
{'loss': 0.1447, 'grad_norm': 8.167459487915039, 'learning_rate': 0.00016873333333333333, 'epoch': 3.13}
{'loss': 0.3495, 'grad_norm': 5.174508094787598, 'learning_rate': 0.0001680666666666667, 'epoch': 3.2}
{'loss': 0.2726, 'grad_norm': 13.36064338684082, 'learning_rate': 0.0001674, 'epoch': 3.27}
{'loss': 0.4092, 'grad_norm': 3.561957359313965, 'learning_rate': 0.00016673333333333334, 'epoch': 3.33}
{'eval_loss': 1.0127990245819092, 'eval_accuracy': 0.6583333333333333, 'eval_runtime': 7.2985, 'eval_samples_per_second': 82.208, 'eval_steps_per_second': 10.276, 'epoch': 3.33}
{'loss': 0.6033, 'grad_norm': 1.1349550485610962, 'learning_rate': 0.00016606666666666667, 'epoch': 3.4}
{'loss': 0.2889, 'grad_norm': 3.1479198932647705, 'learning_rate': 0.0001654, 'epoch': 3.47}
{'loss': 0.2272, 'grad_norm': 2.471358060836792, 'learning_rate': 0.00016473333333333334, 'epoch': 3.53}
{'loss': 0.2268, 'grad_norm': 2.7691051959991455, 'learning_rate': 0.00016406666666666668, 'epoch': 3.6}
{'loss': 0.2562, 'grad_norm': 4.524977207183838, 'learning_rate': 0.0001634, 'epoch': 3.67}
{'eval_loss': 0.39086827635765076, 'eval_accuracy': 0.835, 'eval_runtime': 7.338, 'eval_samples_per_second': 81.766, 'eval_steps_per_second': 10.221, 'epoch': 3.67}
{'loss': 0.403, 'grad_norm': 2.789123058319092, 'learning_rate': 0.00016273333333333335, 'epoch': 3.73}
{'loss': 0.2606, 'grad_norm': 1.3888667821884155, 'learning_rate': 0.00016206666666666668, 'epoch': 3.8}
{'loss': 0.164, 'grad_norm': 1.457007646560669, 'learning_rate': 0.00016140000000000002, 'epoch': 3.87}
{'loss': 0.3409, 'grad_norm': 1.6957602500915527, 'learning_rate': 0.00016073333333333333, 'epoch': 3.93}
{'loss': 0.2788, 'grad_norm': 0.777875542640686, 'learning_rate': 0.00016006666666666666, 'epoch': 4.0}
{'eval_loss': 0.4421258568763733, 'eval_accuracy': 0.8383333333333334, 'eval_runtime': 7.3785, 'eval_samples_per_second': 81.318, 'eval_steps_per_second': 10.165, 'epoch': 4.0}
{'loss': 0.1925, 'grad_norm': 0.6888723969459534, 'learning_rate': 0.00015940000000000003, 'epoch': 4.07}
{'loss': 0.1353, 'grad_norm': 7.711928367614746, 'learning_rate': 0.00015873333333333333, 'epoch': 4.13}
{'loss': 0.2436, 'grad_norm': 0.9551749229431152, 'learning_rate': 0.00015806666666666667, 'epoch': 4.2}
{'loss': 0.1224, 'grad_norm': 0.975479781627655, 'learning_rate': 0.0001574, 'epoch': 4.27}
{'loss': 0.1661, 'grad_norm': 3.6361894607543945, 'learning_rate': 0.00015673333333333334, 'epoch': 4.33}
{'eval_loss': 0.38502204418182373, 'eval_accuracy': 0.8666666666666667, 'eval_runtime': 7.4619, 'eval_samples_per_second': 80.408, 'eval_steps_per_second': 10.051, 'epoch': 4.33}
{'loss': 0.2195, 'grad_norm': 0.7626389861106873, 'learning_rate': 0.00015606666666666667, 'epoch': 4.4}
{'loss': 0.1166, 'grad_norm': 1.4861165285110474, 'learning_rate': 0.0001554, 'epoch': 4.47}
{'loss': 0.2589, 'grad_norm': 4.086041450500488, 'learning_rate': 0.00015473333333333332, 'epoch': 4.53}
{'loss': 0.2197, 'grad_norm': 0.694766640663147, 'learning_rate': 0.00015406666666666668, 'epoch': 4.6}
{'loss': 0.2001, 'grad_norm': 4.056125640869141, 'learning_rate': 0.00015340000000000002, 'epoch': 4.67}
{'eval_loss': 0.3659902513027191, 'eval_accuracy': 0.8616666666666667, 'eval_runtime': 7.3267, 'eval_samples_per_second': 81.892, 'eval_steps_per_second': 10.237, 'epoch': 4.67}
{'loss': 0.103, 'grad_norm': 2.1296520233154297, 'learning_rate': 0.00015273333333333335, 'epoch': 4.73}
{'loss': 0.2581, 'grad_norm': 7.588118076324463, 'learning_rate': 0.00015206666666666666, 'epoch': 4.8}
{'loss': 0.1989, 'grad_norm': 6.5591888427734375, 'learning_rate': 0.00015140000000000002, 'epoch': 4.87}
{'loss': 0.2421, 'grad_norm': 2.9138221740722656, 'learning_rate': 0.00015073333333333336, 'epoch': 4.93}
{'loss': 0.2411, 'grad_norm': 0.454003244638443, 'learning_rate': 0.00015006666666666666, 'epoch': 5.0}
{'eval_loss': 0.3363843858242035, 'eval_accuracy': 0.8583333333333333, 'eval_runtime': 7.4709, 'eval_samples_per_second': 80.311, 'eval_steps_per_second': 10.039, 'epoch': 5.0}
{'loss': 0.1506, 'grad_norm': 1.1579880714416504, 'learning_rate': 0.0001494, 'epoch': 5.07}
{'loss': 0.1994, 'grad_norm': 0.9990165829658508, 'learning_rate': 0.00014873333333333333, 'epoch': 5.13}
{'loss': 0.1982, 'grad_norm': 0.1872316598892212, 'learning_rate': 0.00014806666666666667, 'epoch': 5.2}
{'loss': 0.0279, 'grad_norm': 1.0291277170181274, 'learning_rate': 0.0001474, 'epoch': 5.27}
{'loss': 0.1708, 'grad_norm': 4.134099960327148, 'learning_rate': 0.00014673333333333334, 'epoch': 5.33}
{'eval_loss': 0.7864788174629211, 'eval_accuracy': 0.79, 'eval_runtime': 7.3576, 'eval_samples_per_second': 81.548, 'eval_steps_per_second': 10.194, 'epoch': 5.33}
{'loss': 0.1445, 'grad_norm': 0.2365870326757431, 'learning_rate': 0.00014606666666666668, 'epoch': 5.4}
{'loss': 0.0434, 'grad_norm': 1.4405126571655273, 'learning_rate': 0.0001454, 'epoch': 5.47}
{'loss': 0.0674, 'grad_norm': 5.355542182922363, 'learning_rate': 0.00014473333333333335, 'epoch': 5.53}
{'loss': 0.0831, 'grad_norm': 0.691662609577179, 'learning_rate': 0.00014406666666666668, 'epoch': 5.6}
{'loss': 0.1747, 'grad_norm': 3.1673855781555176, 'learning_rate': 0.0001434, 'epoch': 5.67}
{'eval_loss': 0.4538867175579071, 'eval_accuracy': 0.8733333333333333, 'eval_runtime': 7.4841, 'eval_samples_per_second': 80.17, 'eval_steps_per_second': 10.021, 'epoch': 5.67}
{'loss': 0.1471, 'grad_norm': 0.06048348546028137, 'learning_rate': 0.00014273333333333335, 'epoch': 5.73}
{'loss': 0.2224, 'grad_norm': 3.6957433223724365, 'learning_rate': 0.0001420666666666667, 'epoch': 5.8}
{'loss': 0.2336, 'grad_norm': 3.4527502059936523, 'learning_rate': 0.0001414, 'epoch': 5.87}
{'loss': 0.0953, 'grad_norm': 0.43956872820854187, 'learning_rate': 0.00014073333333333333, 'epoch': 5.93}
{'loss': 0.0571, 'grad_norm': 1.0796736478805542, 'learning_rate': 0.0001400666666666667, 'epoch': 6.0}
{'eval_loss': 0.45157530903816223, 'eval_accuracy': 0.8716666666666667, 'eval_runtime': 7.3373, 'eval_samples_per_second': 81.774, 'eval_steps_per_second': 10.222, 'epoch': 6.0}
{'loss': 0.0281, 'grad_norm': 0.09630639106035233, 'learning_rate': 0.0001394, 'epoch': 6.07}
{'loss': 0.0472, 'grad_norm': 0.05248985439538956, 'learning_rate': 0.00013873333333333334, 'epoch': 6.13}
{'loss': 0.1483, 'grad_norm': 7.705499172210693, 'learning_rate': 0.00013806666666666667, 'epoch': 6.2}
{'loss': 0.148, 'grad_norm': 17.36366081237793, 'learning_rate': 0.0001374, 'epoch': 6.27}
{'loss': 0.0772, 'grad_norm': 0.5667261481285095, 'learning_rate': 0.00013673333333333334, 'epoch': 6.33}
{'eval_loss': 0.5089645385742188, 'eval_accuracy': 0.8616666666666667, 'eval_runtime': 7.4707, 'eval_samples_per_second': 80.313, 'eval_steps_per_second': 10.039, 'epoch': 6.33}
{'loss': 0.0294, 'grad_norm': 0.8957265019416809, 'learning_rate': 0.00013606666666666668, 'epoch': 6.4}
{'loss': 0.0404, 'grad_norm': 0.06648062914609909, 'learning_rate': 0.0001354, 'epoch': 6.47}
{'loss': 0.1037, 'grad_norm': 0.05553802102804184, 'learning_rate': 0.00013473333333333335, 'epoch': 6.53}
{'loss': 0.1538, 'grad_norm': 0.13500584661960602, 'learning_rate': 0.00013406666666666668, 'epoch': 6.6}
{'loss': 0.0882, 'grad_norm': 2.8989596366882324, 'learning_rate': 0.00013340000000000002, 'epoch': 6.67}
{'eval_loss': 0.4711276888847351, 'eval_accuracy': 0.875, 'eval_runtime': 7.3567, 'eval_samples_per_second': 81.559, 'eval_steps_per_second': 10.195, 'epoch': 6.67}
{'loss': 0.0401, 'grad_norm': 0.06124784052371979, 'learning_rate': 0.00013273333333333333, 'epoch': 6.73}
{'loss': 0.0309, 'grad_norm': 20.814355850219727, 'learning_rate': 0.00013206666666666666, 'epoch': 6.8}
{'loss': 0.073, 'grad_norm': 0.4819537401199341, 'learning_rate': 0.00013140000000000002, 'epoch': 6.87}
{'loss': 0.0485, 'grad_norm': 0.06260649114847183, 'learning_rate': 0.00013073333333333333, 'epoch': 6.93}
{'loss': 0.0451, 'grad_norm': 1.2555879354476929, 'learning_rate': 0.00013006666666666667, 'epoch': 7.0}
{'eval_loss': 0.5194745063781738, 'eval_accuracy': 0.8583333333333333, 'eval_runtime': 7.3656, 'eval_samples_per_second': 81.459, 'eval_steps_per_second': 10.182, 'epoch': 7.0}
{'loss': 0.0246, 'grad_norm': 0.05298259109258652, 'learning_rate': 0.0001294, 'epoch': 7.07}
{'loss': 0.0786, 'grad_norm': 0.2032579481601715, 'learning_rate': 0.00012873333333333336, 'epoch': 7.13}
{'loss': 0.0061, 'grad_norm': 1.4535601139068604, 'learning_rate': 0.00012806666666666667, 'epoch': 7.2}
{'loss': 0.0405, 'grad_norm': 0.0553513802587986, 'learning_rate': 0.0001274, 'epoch': 7.27}
{'loss': 0.0169, 'grad_norm': 0.03225674852728844, 'learning_rate': 0.00012673333333333334, 'epoch': 7.33}
{'eval_loss': 0.5228219032287598, 'eval_accuracy': 0.8816666666666667, 'eval_runtime': 7.3387, 'eval_samples_per_second': 81.758, 'eval_steps_per_second': 10.22, 'epoch': 7.33}
{'loss': 0.051, 'grad_norm': 3.976184129714966, 'learning_rate': 0.00012606666666666668, 'epoch': 7.4}
{'loss': 0.1415, 'grad_norm': 0.0401717945933342, 'learning_rate': 0.0001254, 'epoch': 7.47}
{'loss': 0.1011, 'grad_norm': 6.7669501304626465, 'learning_rate': 0.00012473333333333335, 'epoch': 7.53}
{'loss': 0.1648, 'grad_norm': 2.534334182739258, 'learning_rate': 0.00012406666666666666, 'epoch': 7.6}
{'loss': 0.0473, 'grad_norm': 0.16507627069950104, 'learning_rate': 0.00012340000000000002, 'epoch': 7.67}
{'eval_loss': 0.6452513933181763, 'eval_accuracy': 0.8333333333333334, 'eval_runtime': 7.4556, 'eval_samples_per_second': 80.476, 'eval_steps_per_second': 10.06, 'epoch': 7.67}
{'loss': 0.079, 'grad_norm': 0.190155029296875, 'learning_rate': 0.00012273333333333335, 'epoch': 7.73}
{'loss': 0.0351, 'grad_norm': 0.054718174040317535, 'learning_rate': 0.00012206666666666666, 'epoch': 7.8}
{'loss': 0.0488, 'grad_norm': 1.0565595626831055, 'learning_rate': 0.0001214, 'epoch': 7.87}
{'loss': 0.0323, 'grad_norm': 0.050619445741176605, 'learning_rate': 0.00012073333333333335, 'epoch': 7.93}
{'loss': 0.0204, 'grad_norm': 12.55988883972168, 'learning_rate': 0.00012006666666666668, 'epoch': 8.0}
{'eval_loss': 0.5723490715026855, 'eval_accuracy': 0.8766666666666667, 'eval_runtime': 7.3431, 'eval_samples_per_second': 81.71, 'eval_steps_per_second': 10.214, 'epoch': 8.0}
{'loss': 0.0046, 'grad_norm': 0.02840280532836914, 'learning_rate': 0.0001194, 'epoch': 8.07}
{'loss': 0.0035, 'grad_norm': 0.05461703985929489, 'learning_rate': 0.00011873333333333334, 'epoch': 8.13}
{'loss': 0.0395, 'grad_norm': 0.5278024673461914, 'learning_rate': 0.00011806666666666669, 'epoch': 8.2}
{'loss': 0.0618, 'grad_norm': 0.028457418084144592, 'learning_rate': 0.0001174, 'epoch': 8.27}
{'loss': 0.0689, 'grad_norm': 0.05282926931977272, 'learning_rate': 0.00011673333333333334, 'epoch': 8.33}
{'eval_loss': 0.5288552045822144, 'eval_accuracy': 0.8816666666666667, 'eval_runtime': 7.4997, 'eval_samples_per_second': 80.003, 'eval_steps_per_second': 10.0, 'epoch': 8.33}
{'loss': 0.0237, 'grad_norm': 0.027874790132045746, 'learning_rate': 0.00011606666666666668, 'epoch': 8.4}
{'loss': 0.0315, 'grad_norm': 0.026579266414046288, 'learning_rate': 0.0001154, 'epoch': 8.47}
{'loss': 0.0054, 'grad_norm': 0.029103653505444527, 'learning_rate': 0.00011473333333333333, 'epoch': 8.53}
{'loss': 0.0033, 'grad_norm': 0.03942814841866493, 'learning_rate': 0.00011406666666666668, 'epoch': 8.6}
{'loss': 0.003, 'grad_norm': 0.0237972941249609, 'learning_rate': 0.00011339999999999999, 'epoch': 8.67}
{'eval_loss': 0.5071441531181335, 'eval_accuracy': 0.8883333333333333, 'eval_runtime': 7.3624, 'eval_samples_per_second': 81.495, 'eval_steps_per_second': 10.187, 'epoch': 8.67}
{'loss': 0.0399, 'grad_norm': 0.023386884480714798, 'learning_rate': 0.00011273333333333334, 'epoch': 8.73}
{'loss': 0.0031, 'grad_norm': 0.026598673313856125, 'learning_rate': 0.00011206666666666668, 'epoch': 8.8}
{'loss': 0.0028, 'grad_norm': 0.023629244416952133, 'learning_rate': 0.00011140000000000001, 'epoch': 8.87}
{'loss': 0.0028, 'grad_norm': 0.022528989240527153, 'learning_rate': 0.00011073333333333333, 'epoch': 8.93}
{'loss': 0.003, 'grad_norm': 0.021123191341757774, 'learning_rate': 0.00011006666666666667, 'epoch': 9.0}
{'eval_loss': 0.5279619097709656, 'eval_accuracy': 0.8866666666666667, 'eval_runtime': 7.4563, 'eval_samples_per_second': 80.469, 'eval_steps_per_second': 10.059, 'epoch': 9.0}
{'loss': 0.0024, 'grad_norm': 0.021393651142716408, 'learning_rate': 0.00010940000000000002, 'epoch': 9.07}
{'loss': 0.0025, 'grad_norm': 0.019446831196546555, 'learning_rate': 0.00010873333333333334, 'epoch': 9.13}
{'loss': 0.0026, 'grad_norm': 0.3904590904712677, 'learning_rate': 0.00010806666666666667, 'epoch': 9.2}
{'loss': 0.0401, 'grad_norm': 0.020124021917581558, 'learning_rate': 0.00010740000000000001, 'epoch': 9.27}
{'loss': 0.0787, 'grad_norm': 3.316232204437256, 'learning_rate': 0.00010673333333333333, 'epoch': 9.33}
{'eval_loss': 0.6861783266067505, 'eval_accuracy': 0.8583333333333333, 'eval_runtime': 7.3315, 'eval_samples_per_second': 81.838, 'eval_steps_per_second': 10.23, 'epoch': 9.33}
{'loss': 0.0269, 'grad_norm': 0.03255577012896538, 'learning_rate': 0.00010606666666666667, 'epoch': 9.4}
{'loss': 0.0971, 'grad_norm': 0.02157657779753208, 'learning_rate': 0.00010540000000000001, 'epoch': 9.47}
{'loss': 0.0062, 'grad_norm': 0.020139368250966072, 'learning_rate': 0.00010473333333333332, 'epoch': 9.53}
{'loss': 0.0026, 'grad_norm': 0.019883478060364723, 'learning_rate': 0.00010406666666666667, 'epoch': 9.6}
{'loss': 0.0028, 'grad_norm': 0.019997289404273033, 'learning_rate': 0.0001034, 'epoch': 9.67}
{'eval_loss': 0.5205369591712952, 'eval_accuracy': 0.8866666666666667, 'eval_runtime': 7.3257, 'eval_samples_per_second': 81.903, 'eval_steps_per_second': 10.238, 'epoch': 9.67}
{'loss': 0.0024, 'grad_norm': 0.02209046110510826, 'learning_rate': 0.00010273333333333334, 'epoch': 9.73}
{'loss': 0.0406, 'grad_norm': 0.018388574942946434, 'learning_rate': 0.00010206666666666666, 'epoch': 9.8}
{'loss': 0.0026, 'grad_norm': 0.02124960534274578, 'learning_rate': 0.00010140000000000001, 'epoch': 9.87}
{'loss': 0.0023, 'grad_norm': 0.019339868798851967, 'learning_rate': 0.00010073333333333335, 'epoch': 9.93}
{'loss': 0.0025, 'grad_norm': 0.018822211772203445, 'learning_rate': 0.00010006666666666667, 'epoch': 10.0}
{'eval_loss': 0.5450439453125, 'eval_accuracy': 0.895, 'eval_runtime': 7.3299, 'eval_samples_per_second': 81.857, 'eval_steps_per_second': 10.232, 'epoch': 10.0}
{'loss': 0.0021, 'grad_norm': 0.016904274001717567, 'learning_rate': 9.94e-05, 'epoch': 10.07}
{'loss': 0.0024, 'grad_norm': 0.3050081431865692, 'learning_rate': 9.873333333333334e-05, 'epoch': 10.13}
{'loss': 0.0019, 'grad_norm': 0.015939710661768913, 'learning_rate': 9.806666666666667e-05, 'epoch': 10.2}
{'loss': 0.0782, 'grad_norm': 1.1048294305801392, 'learning_rate': 9.74e-05, 'epoch': 10.27}
{'loss': 0.0023, 'grad_norm': 0.029162341728806496, 'learning_rate': 9.673333333333334e-05, 'epoch': 10.33}
{'eval_loss': 0.5606538653373718, 'eval_accuracy': 0.8866666666666667, 'eval_runtime': 7.4876, 'eval_samples_per_second': 80.133, 'eval_steps_per_second': 10.017, 'epoch': 10.33}
{'loss': 0.0027, 'grad_norm': 0.022456416860222816, 'learning_rate': 9.606666666666667e-05, 'epoch': 10.4}
{'loss': 0.0025, 'grad_norm': 0.023977944627404213, 'learning_rate': 9.54e-05, 'epoch': 10.47}
{'loss': 0.0022, 'grad_norm': 0.019207848235964775, 'learning_rate': 9.473333333333334e-05, 'epoch': 10.53}
{'loss': 0.0021, 'grad_norm': 0.01641516387462616, 'learning_rate': 9.406666666666667e-05, 'epoch': 10.6}
{'loss': 0.0019, 'grad_norm': 0.015654174610972404, 'learning_rate': 9.340000000000001e-05, 'epoch': 10.67}
{'eval_loss': 0.5724593997001648, 'eval_accuracy': 0.8933333333333333, 'eval_runtime': 7.404, 'eval_samples_per_second': 81.038, 'eval_steps_per_second': 10.13, 'epoch': 10.67}
{'loss': 0.0414, 'grad_norm': 0.016223931685090065, 'learning_rate': 9.273333333333334e-05, 'epoch': 10.73}
{'loss': 0.0021, 'grad_norm': 0.1396338939666748, 'learning_rate': 9.206666666666666e-05, 'epoch': 10.8}
{'loss': 0.002, 'grad_norm': 0.01702328771352768, 'learning_rate': 9.140000000000001e-05, 'epoch': 10.87}
{'loss': 0.0019, 'grad_norm': 0.015520353801548481, 'learning_rate': 9.073333333333333e-05, 'epoch': 10.93}
{'loss': 0.0018, 'grad_norm': 0.015059159137308598, 'learning_rate': 9.006666666666667e-05, 'epoch': 11.0}
{'eval_loss': 0.5642510652542114, 'eval_accuracy': 0.8916666666666667, 'eval_runtime': 7.5033, 'eval_samples_per_second': 79.964, 'eval_steps_per_second': 9.996, 'epoch': 11.0}
{'loss': 0.0401, 'grad_norm': 0.014780690893530846, 'learning_rate': 8.94e-05, 'epoch': 11.07}
{'loss': 0.0018, 'grad_norm': 0.015206743031740189, 'learning_rate': 8.873333333333334e-05, 'epoch': 11.13}
{'loss': 0.0365, 'grad_norm': 0.016186360269784927, 'learning_rate': 8.806666666666668e-05, 'epoch': 11.2}
{'loss': 0.0021, 'grad_norm': 0.02245955541729927, 'learning_rate': 8.740000000000001e-05, 'epoch': 11.27}
{'loss': 0.0021, 'grad_norm': 0.017053594812750816, 'learning_rate': 8.673333333333333e-05, 'epoch': 11.33}
{'eval_loss': 0.5702300071716309, 'eval_accuracy': 0.885, 'eval_runtime': 7.3604, 'eval_samples_per_second': 81.517, 'eval_steps_per_second': 10.19, 'epoch': 11.33}
{'loss': 0.002, 'grad_norm': 0.016640610992908478, 'learning_rate': 8.606666666666667e-05, 'epoch': 11.4}
{'loss': 0.0018, 'grad_norm': 0.015256019309163094, 'learning_rate': 8.54e-05, 'epoch': 11.47}
{'loss': 0.0018, 'grad_norm': 0.015479277819395065, 'learning_rate': 8.473333333333334e-05, 'epoch': 11.53}
{'loss': 0.0017, 'grad_norm': 0.013995319604873657, 'learning_rate': 8.406666666666667e-05, 'epoch': 11.6}
{'loss': 0.0016, 'grad_norm': 0.01375518273562193, 'learning_rate': 8.34e-05, 'epoch': 11.67}
{'eval_loss': 0.567827582359314, 'eval_accuracy': 0.8866666666666667, 'eval_runtime': 7.4995, 'eval_samples_per_second': 80.006, 'eval_steps_per_second': 10.001, 'epoch': 11.67}
{'loss': 0.0016, 'grad_norm': 0.013695544563233852, 'learning_rate': 8.273333333333334e-05, 'epoch': 11.73}
{'loss': 0.0016, 'grad_norm': 0.013575837016105652, 'learning_rate': 8.206666666666666e-05, 'epoch': 11.8}
{'loss': 0.0404, 'grad_norm': 0.015193518251180649, 'learning_rate': 8.14e-05, 'epoch': 11.87}
{'loss': 0.0017, 'grad_norm': 0.015284367837011814, 'learning_rate': 8.073333333333334e-05, 'epoch': 11.93}
{'loss': 0.0018, 'grad_norm': 0.015848999843001366, 'learning_rate': 8.006666666666667e-05, 'epoch': 12.0}
{'eval_loss': 0.5683324337005615, 'eval_accuracy': 0.895, 'eval_runtime': 7.215, 'eval_samples_per_second': 83.16, 'eval_steps_per_second': 10.395, 'epoch': 12.0}
{'loss': 0.0017, 'grad_norm': 0.01393134705722332, 'learning_rate': 7.94e-05, 'epoch': 12.07}
{'loss': 0.0017, 'grad_norm': 0.01304331049323082, 'learning_rate': 7.873333333333334e-05, 'epoch': 12.13}
{'loss': 0.0015, 'grad_norm': 0.013262595981359482, 'learning_rate': 7.806666666666666e-05, 'epoch': 12.2}
{'loss': 0.0015, 'grad_norm': 0.013288730755448341, 'learning_rate': 7.740000000000001e-05, 'epoch': 12.27}
{'loss': 0.0015, 'grad_norm': 0.012841864489018917, 'learning_rate': 7.673333333333333e-05, 'epoch': 12.33}
{'eval_loss': 0.5741727352142334, 'eval_accuracy': 0.8933333333333333, 'eval_runtime': 7.3687, 'eval_samples_per_second': 81.425, 'eval_steps_per_second': 10.178, 'epoch': 12.33}
{'loss': 0.0014, 'grad_norm': 0.011948315426707268, 'learning_rate': 7.606666666666668e-05, 'epoch': 12.4}
{'loss': 0.0014, 'grad_norm': 0.011958791874349117, 'learning_rate': 7.54e-05, 'epoch': 12.47}
{'loss': 0.0014, 'grad_norm': 0.011885345913469791, 'learning_rate': 7.473333333333334e-05, 'epoch': 12.53}
{'loss': 0.0013, 'grad_norm': 0.01092795841395855, 'learning_rate': 7.406666666666667e-05, 'epoch': 12.6}
{'loss': 0.0157, 'grad_norm': 0.01083280798047781, 'learning_rate': 7.340000000000001e-05, 'epoch': 12.67}
{'eval_loss': 0.6574666500091553, 'eval_accuracy': 0.8733333333333333, 'eval_runtime': 7.2427, 'eval_samples_per_second': 82.842, 'eval_steps_per_second': 10.355, 'epoch': 12.67}
{'loss': 0.0253, 'grad_norm': 0.010772495530545712, 'learning_rate': 7.273333333333334e-05, 'epoch': 12.73}
{'loss': 0.0055, 'grad_norm': 0.014131098054349422, 'learning_rate': 7.206666666666667e-05, 'epoch': 12.8}
{'loss': 0.0409, 'grad_norm': 0.011307267472147942, 'learning_rate': 7.14e-05, 'epoch': 12.87}
{'loss': 0.0354, 'grad_norm': 0.5940249562263489, 'learning_rate': 7.073333333333334e-05, 'epoch': 12.93}
{'loss': 0.0028, 'grad_norm': 0.03707039728760719, 'learning_rate': 7.006666666666667e-05, 'epoch': 13.0}
{'eval_loss': 0.598734438419342, 'eval_accuracy': 0.885, 'eval_runtime': 7.3806, 'eval_samples_per_second': 81.294, 'eval_steps_per_second': 10.162, 'epoch': 13.0}
{'loss': 0.003, 'grad_norm': 0.0140299741178751, 'learning_rate': 6.939999999999999e-05, 'epoch': 13.07}
{'loss': 0.0022, 'grad_norm': 0.01543181762099266, 'learning_rate': 6.873333333333334e-05, 'epoch': 13.13}
{'loss': 0.0291, 'grad_norm': 0.11982101947069168, 'learning_rate': 6.806666666666666e-05, 'epoch': 13.2}
{'loss': 0.0031, 'grad_norm': 0.011469659395515919, 'learning_rate': 6.740000000000001e-05, 'epoch': 13.27}
{'loss': 0.002, 'grad_norm': 0.01370041724294424, 'learning_rate': 6.673333333333333e-05, 'epoch': 13.33}
{'eval_loss': 0.598019003868103, 'eval_accuracy': 0.89, 'eval_runtime': 7.2411, 'eval_samples_per_second': 82.86, 'eval_steps_per_second': 10.358, 'epoch': 13.33}
{'loss': 0.0014, 'grad_norm': 0.01109420694410801, 'learning_rate': 6.606666666666667e-05, 'epoch': 13.4}
{'loss': 0.0013, 'grad_norm': 0.010491006076335907, 'learning_rate': 6.54e-05, 'epoch': 13.47}
{'loss': 0.0218, 'grad_norm': 0.01255746465176344, 'learning_rate': 6.473333333333334e-05, 'epoch': 13.53}
{'loss': 0.0355, 'grad_norm': 1.5807126760482788, 'learning_rate': 6.406666666666667e-05, 'epoch': 13.6}
{'loss': 0.0033, 'grad_norm': 0.07232009619474411, 'learning_rate': 6.340000000000001e-05, 'epoch': 13.67}
{'eval_loss': 0.6598317623138428, 'eval_accuracy': 0.8766666666666667, 'eval_runtime': 7.3392, 'eval_samples_per_second': 81.753, 'eval_steps_per_second': 10.219, 'epoch': 13.67}
{'loss': 0.0038, 'grad_norm': 0.02849181555211544, 'learning_rate': 6.273333333333333e-05, 'epoch': 13.73}
{'loss': 0.0016, 'grad_norm': 0.010326552204787731, 'learning_rate': 6.206666666666667e-05, 'epoch': 13.8}
{'loss': 0.0013, 'grad_norm': 0.05770963430404663, 'learning_rate': 6.14e-05, 'epoch': 13.87}
{'loss': 0.0012, 'grad_norm': 0.010781324468553066, 'learning_rate': 6.073333333333333e-05, 'epoch': 13.93}
{'loss': 0.0022, 'grad_norm': 4.404919624328613, 'learning_rate': 6.006666666666667e-05, 'epoch': 14.0}
{'eval_loss': 0.6900913119316101, 'eval_accuracy': 0.8733333333333333, 'eval_runtime': 7.2536, 'eval_samples_per_second': 82.718, 'eval_steps_per_second': 10.34, 'epoch': 14.0}
{'loss': 0.0012, 'grad_norm': 0.019499802961945534, 'learning_rate': 5.94e-05, 'epoch': 14.07}
{'loss': 0.0307, 'grad_norm': 0.010195314884185791, 'learning_rate': 5.873333333333334e-05, 'epoch': 14.13}
{'loss': 0.0123, 'grad_norm': 0.7074599862098694, 'learning_rate': 5.806666666666667e-05, 'epoch': 14.2}
{'loss': 0.0037, 'grad_norm': 0.019542083144187927, 'learning_rate': 5.74e-05, 'epoch': 14.27}
{'loss': 0.0014, 'grad_norm': 0.00979416724294424, 'learning_rate': 5.673333333333334e-05, 'epoch': 14.33}
{'eval_loss': 0.7004919052124023, 'eval_accuracy': 0.8683333333333333, 'eval_runtime': 7.3961, 'eval_samples_per_second': 81.124, 'eval_steps_per_second': 10.14, 'epoch': 14.33}
{'loss': 0.0011, 'grad_norm': 0.009831164963543415, 'learning_rate': 5.606666666666667e-05, 'epoch': 14.4}
{'loss': 0.0012, 'grad_norm': 0.009290169924497604, 'learning_rate': 5.5400000000000005e-05, 'epoch': 14.47}
{'loss': 0.0011, 'grad_norm': 0.009861722588539124, 'learning_rate': 5.473333333333333e-05, 'epoch': 14.53}
{'loss': 0.024, 'grad_norm': 0.020620031282305717, 'learning_rate': 5.406666666666667e-05, 'epoch': 14.6}
{'loss': 0.0011, 'grad_norm': 0.023389721289277077, 'learning_rate': 5.3400000000000004e-05, 'epoch': 14.67}
{'eval_loss': 0.7789017558097839, 'eval_accuracy': 0.865, 'eval_runtime': 7.2924, 'eval_samples_per_second': 82.277, 'eval_steps_per_second': 10.285, 'epoch': 14.67}
{'loss': 0.0094, 'grad_norm': 0.009194071404635906, 'learning_rate': 5.273333333333333e-05, 'epoch': 14.73}
{'loss': 0.001, 'grad_norm': 0.00861109234392643, 'learning_rate': 5.2066666666666674e-05, 'epoch': 14.8}
{'loss': 0.001, 'grad_norm': 0.008435561321675777, 'learning_rate': 5.14e-05, 'epoch': 14.87}
{'loss': 0.0047, 'grad_norm': 0.008580684661865234, 'learning_rate': 5.073333333333333e-05, 'epoch': 14.93}
{'loss': 0.0304, 'grad_norm': 0.008727013133466244, 'learning_rate': 5.006666666666667e-05, 'epoch': 15.0}
{'eval_loss': 0.6658299565315247, 'eval_accuracy': 0.87, 'eval_runtime': 7.38, 'eval_samples_per_second': 81.3, 'eval_steps_per_second': 10.163, 'epoch': 15.0}
{'loss': 0.001, 'grad_norm': 0.008840620517730713, 'learning_rate': 4.94e-05, 'epoch': 15.07}
{'loss': 0.001, 'grad_norm': 0.009046224877238274, 'learning_rate': 4.8733333333333337e-05, 'epoch': 15.13}
{'loss': 0.0012, 'grad_norm': 0.00827477965503931, 'learning_rate': 4.806666666666667e-05, 'epoch': 15.2}
{'loss': 0.0009, 'grad_norm': 0.008386285044252872, 'learning_rate': 4.74e-05, 'epoch': 15.27}
{'loss': 0.0012, 'grad_norm': 0.008556361310184002, 'learning_rate': 4.6733333333333335e-05, 'epoch': 15.33}
{'eval_loss': 0.7273977994918823, 'eval_accuracy': 0.87, 'eval_runtime': 7.2585, 'eval_samples_per_second': 82.661, 'eval_steps_per_second': 10.333, 'epoch': 15.33}
{'loss': 0.0009, 'grad_norm': 0.012362067587673664, 'learning_rate': 4.606666666666667e-05, 'epoch': 15.4}
{'loss': 0.0009, 'grad_norm': 0.008042769506573677, 'learning_rate': 4.5400000000000006e-05, 'epoch': 15.47}
{'loss': 0.001, 'grad_norm': 0.007697400636970997, 'learning_rate': 4.473333333333334e-05, 'epoch': 15.53}
{'loss': 0.0104, 'grad_norm': 0.029969334602355957, 'learning_rate': 4.406666666666667e-05, 'epoch': 15.6}
{'loss': 0.0032, 'grad_norm': 0.008829447440803051, 'learning_rate': 4.3400000000000005e-05, 'epoch': 15.67}
{'eval_loss': 0.7165117859840393, 'eval_accuracy': 0.8716666666666667, 'eval_runtime': 7.3452, 'eval_samples_per_second': 81.685, 'eval_steps_per_second': 10.211, 'epoch': 15.67}
{'loss': 0.0009, 'grad_norm': 0.0073166703805327415, 'learning_rate': 4.273333333333333e-05, 'epoch': 15.73}
{'loss': 0.0009, 'grad_norm': 0.00751486886292696, 'learning_rate': 4.206666666666667e-05, 'epoch': 15.8}
{'loss': 0.001, 'grad_norm': 0.007599103730171919, 'learning_rate': 4.14e-05, 'epoch': 15.87}
{'loss': 0.0009, 'grad_norm': 0.007185592781752348, 'learning_rate': 4.073333333333333e-05, 'epoch': 15.93}
{'loss': 0.0008, 'grad_norm': 0.007105497643351555, 'learning_rate': 4.006666666666667e-05, 'epoch': 16.0}
{'eval_loss': 0.7085896134376526, 'eval_accuracy': 0.8733333333333333, 'eval_runtime': 7.2473, 'eval_samples_per_second': 82.79, 'eval_steps_per_second': 10.349, 'epoch': 16.0}
{'loss': 0.0008, 'grad_norm': 0.0071451980620622635, 'learning_rate': 3.94e-05, 'epoch': 16.07}
{'loss': 0.0026, 'grad_norm': 0.007061557378619909, 'learning_rate': 3.873333333333333e-05, 'epoch': 16.13}
{'loss': 0.0008, 'grad_norm': 0.007168694864958525, 'learning_rate': 3.8066666666666666e-05, 'epoch': 16.2}
{'loss': 0.0008, 'grad_norm': 0.007118117064237595, 'learning_rate': 3.74e-05, 'epoch': 16.27}
{'loss': 0.001, 'grad_norm': 0.014789951033890247, 'learning_rate': 3.6733333333333336e-05, 'epoch': 16.33}
{'eval_loss': 0.7169820666313171, 'eval_accuracy': 0.8766666666666667, 'eval_runtime': 7.2603, 'eval_samples_per_second': 82.641, 'eval_steps_per_second': 10.33, 'epoch': 16.33}
{'loss': 0.0008, 'grad_norm': 0.006756060756742954, 'learning_rate': 3.606666666666667e-05, 'epoch': 16.4}
{'loss': 0.0008, 'grad_norm': 0.006776247173547745, 'learning_rate': 3.54e-05, 'epoch': 16.47}
{'loss': 0.0008, 'grad_norm': 0.006774526089429855, 'learning_rate': 3.4733333333333335e-05, 'epoch': 16.53}
{'loss': 0.0008, 'grad_norm': 0.006790834479033947, 'learning_rate': 3.406666666666667e-05, 'epoch': 16.6}
{'loss': 0.0008, 'grad_norm': 0.006652057636529207, 'learning_rate': 3.3400000000000005e-05, 'epoch': 16.67}
{'eval_loss': 0.7208684086799622, 'eval_accuracy': 0.8766666666666667, 'eval_runtime': 7.3427, 'eval_samples_per_second': 81.713, 'eval_steps_per_second': 10.214, 'epoch': 16.67}
{'loss': 0.0008, 'grad_norm': 0.006673402618616819, 'learning_rate': 3.2733333333333334e-05, 'epoch': 16.73}
{'loss': 0.0008, 'grad_norm': 0.007173984311521053, 'learning_rate': 3.206666666666667e-05, 'epoch': 16.8}
{'loss': 0.0008, 'grad_norm': 0.0069154673255980015, 'learning_rate': 3.1400000000000004e-05, 'epoch': 16.87}
{'loss': 0.0008, 'grad_norm': 0.00681699113920331, 'learning_rate': 3.073333333333334e-05, 'epoch': 16.93}
{'loss': 0.0008, 'grad_norm': 0.006784199737012386, 'learning_rate': 3.006666666666667e-05, 'epoch': 17.0}
{'eval_loss': 0.7249537110328674, 'eval_accuracy': 0.8766666666666667, 'eval_runtime': 7.4851, 'eval_samples_per_second': 80.159, 'eval_steps_per_second': 10.02, 'epoch': 17.0}
{'loss': 0.0008, 'grad_norm': 0.006662323605269194, 'learning_rate': 2.94e-05, 'epoch': 17.07}
{'loss': 0.0007, 'grad_norm': 0.006443508900702, 'learning_rate': 2.8733333333333335e-05, 'epoch': 17.13}
{'loss': 0.0008, 'grad_norm': 0.0063978275284171104, 'learning_rate': 2.806666666666667e-05, 'epoch': 17.2}
{'loss': 0.0008, 'grad_norm': 0.0064085000194609165, 'learning_rate': 2.7400000000000002e-05, 'epoch': 17.27}
{'loss': 0.0007, 'grad_norm': 0.006722092162817717, 'learning_rate': 2.6733333333333334e-05, 'epoch': 17.33}
{'eval_loss': 0.7281969785690308, 'eval_accuracy': 0.8766666666666667, 'eval_runtime': 7.3384, 'eval_samples_per_second': 81.762, 'eval_steps_per_second': 10.22, 'epoch': 17.33}
{'loss': 0.0007, 'grad_norm': 0.006449565757066011, 'learning_rate': 2.6066666666666666e-05, 'epoch': 17.4}
{'loss': 0.0007, 'grad_norm': 0.00635065883398056, 'learning_rate': 2.54e-05, 'epoch': 17.47}
{'loss': 0.0007, 'grad_norm': 0.006436475552618504, 'learning_rate': 2.4733333333333333e-05, 'epoch': 17.53}
{'loss': 0.0007, 'grad_norm': 0.0063705905340611935, 'learning_rate': 2.4066666666666668e-05, 'epoch': 17.6}
{'loss': 0.0007, 'grad_norm': 0.007010167930275202, 'learning_rate': 2.3400000000000003e-05, 'epoch': 17.67}
{'eval_loss': 0.7310035228729248, 'eval_accuracy': 0.8766666666666667, 'eval_runtime': 7.4786, 'eval_samples_per_second': 80.229, 'eval_steps_per_second': 10.029, 'epoch': 17.67}
{'loss': 0.0007, 'grad_norm': 0.0061632441356778145, 'learning_rate': 2.2733333333333335e-05, 'epoch': 17.73}
{'loss': 0.0007, 'grad_norm': 0.006127942819148302, 'learning_rate': 2.206666666666667e-05, 'epoch': 17.8}
{'loss': 0.0007, 'grad_norm': 0.006232051178812981, 'learning_rate': 2.1400000000000002e-05, 'epoch': 17.87}
{'loss': 0.0007, 'grad_norm': 0.006157496478408575, 'learning_rate': 2.0733333333333334e-05, 'epoch': 17.93}
{'loss': 0.0007, 'grad_norm': 0.006234103813767433, 'learning_rate': 2.0066666666666665e-05, 'epoch': 18.0}
{'eval_loss': 0.7333106994628906, 'eval_accuracy': 0.8766666666666667, 'eval_runtime': 7.3449, 'eval_samples_per_second': 81.69, 'eval_steps_per_second': 10.211, 'epoch': 18.0}
{'loss': 0.0007, 'grad_norm': 0.006121745798736811, 'learning_rate': 1.94e-05, 'epoch': 18.07}
{'loss': 0.0007, 'grad_norm': 0.006261075846850872, 'learning_rate': 1.8733333333333332e-05, 'epoch': 18.13}
{'loss': 0.0007, 'grad_norm': 0.006178233306854963, 'learning_rate': 1.8066666666666668e-05, 'epoch': 18.2}
{'loss': 0.0007, 'grad_norm': 0.00602249801158905, 'learning_rate': 1.74e-05, 'epoch': 18.27}
{'loss': 0.0007, 'grad_norm': 0.0061301966197788715, 'learning_rate': 1.6733333333333335e-05, 'epoch': 18.33}
{'eval_loss': 0.7351588606834412, 'eval_accuracy': 0.8766666666666667, 'eval_runtime': 7.5071, 'eval_samples_per_second': 79.924, 'eval_steps_per_second': 9.99, 'epoch': 18.33}
{'loss': 0.0007, 'grad_norm': 0.005981209687888622, 'learning_rate': 1.606666666666667e-05, 'epoch': 18.4}
{'loss': 0.0007, 'grad_norm': 0.00586945004761219, 'learning_rate': 1.54e-05, 'epoch': 18.47}
{'loss': 0.0007, 'grad_norm': 0.006064241752028465, 'learning_rate': 1.4733333333333335e-05, 'epoch': 18.53}
{'loss': 0.0007, 'grad_norm': 0.006255066487938166, 'learning_rate': 1.4066666666666667e-05, 'epoch': 18.6}
{'loss': 0.0007, 'grad_norm': 0.0059327371418476105, 'learning_rate': 1.3400000000000002e-05, 'epoch': 18.67}
{'eval_loss': 0.7368630766868591, 'eval_accuracy': 0.8766666666666667, 'eval_runtime': 7.2541, 'eval_samples_per_second': 82.711, 'eval_steps_per_second': 10.339, 'epoch': 18.67}
{'loss': 0.0008, 'grad_norm': 0.0062463851645588875, 'learning_rate': 1.2733333333333334e-05, 'epoch': 18.73}
{'loss': 0.0007, 'grad_norm': 0.006604872643947601, 'learning_rate': 1.2066666666666667e-05, 'epoch': 18.8}
{'loss': 0.0007, 'grad_norm': 0.005866711493581533, 'learning_rate': 1.1400000000000001e-05, 'epoch': 18.87}
{'loss': 0.0008, 'grad_norm': 0.0058485278859734535, 'learning_rate': 1.0733333333333334e-05, 'epoch': 18.93}
{'loss': 0.0007, 'grad_norm': 0.005911638028919697, 'learning_rate': 1.0066666666666668e-05, 'epoch': 19.0}
{'eval_loss': 0.7382097244262695, 'eval_accuracy': 0.8766666666666667, 'eval_runtime': 7.3523, 'eval_samples_per_second': 81.608, 'eval_steps_per_second': 10.201, 'epoch': 19.0}
{'loss': 0.0007, 'grad_norm': 0.005846868269145489, 'learning_rate': 9.4e-06, 'epoch': 19.07}
{'loss': 0.0007, 'grad_norm': 0.005985592026263475, 'learning_rate': 8.733333333333333e-06, 'epoch': 19.13}
{'loss': 0.0007, 'grad_norm': 0.005779677536338568, 'learning_rate': 8.066666666666667e-06, 'epoch': 19.2}
{'loss': 0.0007, 'grad_norm': 0.005975229665637016, 'learning_rate': 7.4e-06, 'epoch': 19.27}
{'loss': 0.0007, 'grad_norm': 0.005839300341904163, 'learning_rate': 6.733333333333333e-06, 'epoch': 19.33}
{'eval_loss': 0.7392510771751404, 'eval_accuracy': 0.8766666666666667, 'eval_runtime': 7.2258, 'eval_samples_per_second': 83.036, 'eval_steps_per_second': 10.38, 'epoch': 19.33}
{'loss': 0.0007, 'grad_norm': 0.005851639434695244, 'learning_rate': 6.066666666666667e-06, 'epoch': 19.4}
{'loss': 0.0007, 'grad_norm': 0.005952087230980396, 'learning_rate': 5.4e-06, 'epoch': 19.47}
{'loss': 0.0007, 'grad_norm': 0.005956016015261412, 'learning_rate': 4.7333333333333335e-06, 'epoch': 19.53}
{'loss': 0.0007, 'grad_norm': 0.0058058882132172585, 'learning_rate': 4.066666666666666e-06, 'epoch': 19.6}
{'loss': 0.0007, 'grad_norm': 0.005946279037743807, 'learning_rate': 3.4000000000000005e-06, 'epoch': 19.67}
{'eval_loss': 0.7398192286491394, 'eval_accuracy': 0.8766666666666667, 'eval_runtime': 7.3592, 'eval_samples_per_second': 81.531, 'eval_steps_per_second': 10.191, 'epoch': 19.67}
{'loss': 0.0007, 'grad_norm': 0.006234197877347469, 'learning_rate': 2.7333333333333336e-06, 'epoch': 19.73}
{'loss': 0.0007, 'grad_norm': 0.005663447547703981, 'learning_rate': 2.0666666666666666e-06, 'epoch': 19.8}
{'loss': 0.0007, 'grad_norm': 0.005865658167749643, 'learning_rate': 1.4000000000000001e-06, 'epoch': 19.87}
{'loss': 0.0007, 'grad_norm': 0.005754143465310335, 'learning_rate': 7.333333333333333e-07, 'epoch': 19.93}
{'loss': 0.0007, 'grad_norm': 0.005745970644056797, 'learning_rate': 6.666666666666667e-08, 'epoch': 20.0}
{'eval_loss': 0.7400125861167908, 'eval_accuracy': 0.8766666666666667, 'eval_runtime': 7.2087, 'eval_samples_per_second': 83.233, 'eval_steps_per_second': 10.404, 'epoch': 20.0}
{'train_runtime': 1466.0709, 'train_samples_per_second': 32.741, 'train_steps_per_second': 2.046, 'train_loss': 0.11966032613115385, 'epoch': 20.0}
***** train metrics *****
  epoch                    =         20.0
  total_flos               = 3464161885GF
  train_loss               =       0.1197
  train_runtime            =   0:24:26.07
  train_samples_per_second =       32.741
  train_steps_per_second   =        2.046
Labels of Dataset: ['female', 'male']
Classification Metrics
Accuracy     : 0.877
Precision     : 0.864
Recall        : 0.898 (Sensitivity)
Specificity   : 0.855
F1 Score      : 0.881
AUC           : 0.944
EER:          : 0.128
