Output:  /zhome/77/9/213690/biometrics/black-hole/out/VIT-21k/both_eyes_together/Run_1
Epochs:  20
Learning rate:  0.0002
Dataset:  both_eyes_together
Batch size:  16
Labels of Dataset: ['female', 'male']
Loaded accuracy
ViTImageProcessor {
  "do_convert_rgb": null,
  "do_normalize": true,
  "do_rescale": true,
  "do_resize": true,
  "image_mean": [
    0.5,
    0.5,
    0.5
  ],
  "image_processor_type": "ViTImageProcessor",
  "image_std": [
    0.5,
    0.5,
    0.5
  ],
  "resample": 2,
  "rescale_factor": 0.00392156862745098,
  "size": {
    "height": 224,
    "width": 224
  }
}

ViTForImageClassification(
  (vit): ViTModel(
    (embeddings): ViTEmbeddings(
      (patch_embeddings): ViTPatchEmbeddings(
        (projection): Conv2d(3, 768, kernel_size=(16, 16), stride=(16, 16))
      )
      (dropout): Dropout(p=0.0, inplace=False)
    )
    (encoder): ViTEncoder(
      (layer): ModuleList(
        (0-11): 12 x ViTLayer(
          (attention): ViTAttention(
            (attention): ViTSelfAttention(
              (query): Linear(in_features=768, out_features=768, bias=True)
              (key): Linear(in_features=768, out_features=768, bias=True)
              (value): Linear(in_features=768, out_features=768, bias=True)
            )
            (output): ViTSelfOutput(
              (dense): Linear(in_features=768, out_features=768, bias=True)
              (dropout): Dropout(p=0.0, inplace=False)
            )
          )
          (intermediate): ViTIntermediate(
            (dense): Linear(in_features=768, out_features=3072, bias=True)
            (intermediate_act_fn): GELUActivation()
          )
          (output): ViTOutput(
            (dense): Linear(in_features=3072, out_features=768, bias=True)
            (dropout): Dropout(p=0.0, inplace=False)
          )
          (layernorm_before): LayerNorm((768,), eps=1e-12, elementwise_affine=True)
          (layernorm_after): LayerNorm((768,), eps=1e-12, elementwise_affine=True)
        )
      )
    )
    (layernorm): LayerNorm((768,), eps=1e-12, elementwise_affine=True)
  )
  (classifier): Linear(in_features=768, out_features=2, bias=True)
)
{'loss': 0.6901, 'grad_norm': 1.0213794708251953, 'learning_rate': 0.0001987837837837838, 'epoch': 0.14}
{'loss': 0.6844, 'grad_norm': 1.1745651960372925, 'learning_rate': 0.00019743243243243244, 'epoch': 0.27}
{'loss': 0.6669, 'grad_norm': 2.616398811340332, 'learning_rate': 0.0001960810810810811, 'epoch': 0.41}
{'loss': 0.6309, 'grad_norm': 3.1076738834381104, 'learning_rate': 0.00019472972972972973, 'epoch': 0.54}
{'loss': 0.7127, 'grad_norm': 0.8988413214683533, 'learning_rate': 0.00019337837837837837, 'epoch': 0.68}
{'eval_loss': 0.6462672352790833, 'eval_accuracy': 0.6013513513513513, 'eval_runtime': 3.9066, 'eval_samples_per_second': 75.77, 'eval_steps_per_second': 9.471, 'epoch': 0.68}
{'loss': 0.6288, 'grad_norm': 2.8203213214874268, 'learning_rate': 0.00019202702702702704, 'epoch': 0.81}
{'loss': 0.6387, 'grad_norm': 1.0178029537200928, 'learning_rate': 0.0001906756756756757, 'epoch': 0.95}
{'loss': 0.6766, 'grad_norm': 1.1318778991699219, 'learning_rate': 0.00018932432432432433, 'epoch': 1.08}
{'loss': 0.6024, 'grad_norm': 2.1587226390838623, 'learning_rate': 0.00018797297297297298, 'epoch': 1.22}
{'loss': 0.625, 'grad_norm': 2.0807859897613525, 'learning_rate': 0.00018662162162162162, 'epoch': 1.35}
{'eval_loss': 0.5126326084136963, 'eval_accuracy': 0.7635135135135135, 'eval_runtime': 3.7103, 'eval_samples_per_second': 79.779, 'eval_steps_per_second': 9.972, 'epoch': 1.35}
{'loss': 0.4919, 'grad_norm': 6.623867511749268, 'learning_rate': 0.0001852702702702703, 'epoch': 1.49}
{'loss': 0.5509, 'grad_norm': 2.7150115966796875, 'learning_rate': 0.0001839189189189189, 'epoch': 1.62}
{'loss': 0.5626, 'grad_norm': 2.1020755767822266, 'learning_rate': 0.00018256756756756756, 'epoch': 1.76}
{'loss': 0.4921, 'grad_norm': 1.788448691368103, 'learning_rate': 0.00018121621621621623, 'epoch': 1.89}
{'loss': 0.4811, 'grad_norm': 2.5152294635772705, 'learning_rate': 0.00017986486486486488, 'epoch': 2.03}
{'eval_loss': 0.8471099138259888, 'eval_accuracy': 0.5945945945945946, 'eval_runtime': 3.682, 'eval_samples_per_second': 80.391, 'eval_steps_per_second': 10.049, 'epoch': 2.03}
{'loss': 0.4991, 'grad_norm': 2.541674852371216, 'learning_rate': 0.00017851351351351352, 'epoch': 2.16}
{'loss': 0.4393, 'grad_norm': 1.8235104084014893, 'learning_rate': 0.00017716216216216217, 'epoch': 2.3}
{'loss': 0.288, 'grad_norm': 1.4516509771347046, 'learning_rate': 0.0001758108108108108, 'epoch': 2.43}
{'loss': 0.5404, 'grad_norm': 8.440925598144531, 'learning_rate': 0.00017445945945945948, 'epoch': 2.57}
{'loss': 0.5269, 'grad_norm': 1.7880693674087524, 'learning_rate': 0.0001731081081081081, 'epoch': 2.7}
{'eval_loss': 0.4062685966491699, 'eval_accuracy': 0.8277027027027027, 'eval_runtime': 3.7065, 'eval_samples_per_second': 79.86, 'eval_steps_per_second': 9.983, 'epoch': 2.7}
{'loss': 0.3705, 'grad_norm': 0.6718749403953552, 'learning_rate': 0.00017175675675675677, 'epoch': 2.84}
{'loss': 0.424, 'grad_norm': 3.58365797996521, 'learning_rate': 0.00017040540540540542, 'epoch': 2.97}
{'loss': 0.2368, 'grad_norm': 0.8660784959793091, 'learning_rate': 0.00016905405405405406, 'epoch': 3.11}
{'loss': 0.3142, 'grad_norm': 5.851097583770752, 'learning_rate': 0.0001677027027027027, 'epoch': 3.24}
{'loss': 0.4179, 'grad_norm': 2.122591018676758, 'learning_rate': 0.00016635135135135135, 'epoch': 3.38}
{'eval_loss': 0.3980069160461426, 'eval_accuracy': 0.8378378378378378, 'eval_runtime': 3.6674, 'eval_samples_per_second': 80.712, 'eval_steps_per_second': 10.089, 'epoch': 3.38}
{'loss': 0.344, 'grad_norm': 3.960695505142212, 'learning_rate': 0.000165, 'epoch': 3.51}
{'loss': 0.317, 'grad_norm': 1.776255488395691, 'learning_rate': 0.00016364864864864867, 'epoch': 3.65}
{'loss': 0.2388, 'grad_norm': 4.1301589012146, 'learning_rate': 0.0001622972972972973, 'epoch': 3.78}
{'loss': 0.2356, 'grad_norm': 2.6825287342071533, 'learning_rate': 0.00016094594594594596, 'epoch': 3.92}
{'loss': 0.2901, 'grad_norm': 1.229715347290039, 'learning_rate': 0.0001595945945945946, 'epoch': 4.05}
{'eval_loss': 0.4180069863796234, 'eval_accuracy': 0.8277027027027027, 'eval_runtime': 3.7118, 'eval_samples_per_second': 79.746, 'eval_steps_per_second': 9.968, 'epoch': 4.05}
{'loss': 0.204, 'grad_norm': 1.5148766040802002, 'learning_rate': 0.00015824324324324325, 'epoch': 4.19}
{'loss': 0.1578, 'grad_norm': 0.4078177809715271, 'learning_rate': 0.0001568918918918919, 'epoch': 4.32}
{'loss': 0.1745, 'grad_norm': 0.53006911277771, 'learning_rate': 0.00015554054054054054, 'epoch': 4.46}
{'loss': 0.205, 'grad_norm': 4.9243998527526855, 'learning_rate': 0.0001541891891891892, 'epoch': 4.59}
{'loss': 0.1094, 'grad_norm': 6.2970967292785645, 'learning_rate': 0.00015283783783783786, 'epoch': 4.73}
{'eval_loss': 0.511008620262146, 'eval_accuracy': 0.8243243243243243, 'eval_runtime': 3.7235, 'eval_samples_per_second': 79.494, 'eval_steps_per_second': 9.937, 'epoch': 4.73}
{'loss': 0.1836, 'grad_norm': 0.9229651093482971, 'learning_rate': 0.00015148648648648648, 'epoch': 4.86}
{'loss': 0.114, 'grad_norm': 0.40741848945617676, 'learning_rate': 0.00015013513513513515, 'epoch': 5.0}
{'loss': 0.0696, 'grad_norm': 1.647047758102417, 'learning_rate': 0.0001487837837837838, 'epoch': 5.14}
{'loss': 0.1152, 'grad_norm': 0.7734242677688599, 'learning_rate': 0.00014743243243243244, 'epoch': 5.27}
{'loss': 0.1119, 'grad_norm': 0.22358593344688416, 'learning_rate': 0.00014608108108108108, 'epoch': 5.41}
{'eval_loss': 0.33048442006111145, 'eval_accuracy': 0.8952702702702703, 'eval_runtime': 3.675, 'eval_samples_per_second': 80.544, 'eval_steps_per_second': 10.068, 'epoch': 5.41}
{'loss': 0.0523, 'grad_norm': 0.47691503167152405, 'learning_rate': 0.00014472972972972973, 'epoch': 5.54}
{'loss': 0.0658, 'grad_norm': 0.10115030407905579, 'learning_rate': 0.00014337837837837837, 'epoch': 5.68}
{'loss': 0.053, 'grad_norm': 4.661055564880371, 'learning_rate': 0.00014202702702702705, 'epoch': 5.81}
{'loss': 0.0916, 'grad_norm': 0.7041059732437134, 'learning_rate': 0.00014067567567567567, 'epoch': 5.95}
{'loss': 0.0488, 'grad_norm': 0.12860585749149323, 'learning_rate': 0.00013932432432432434, 'epoch': 6.08}
{'eval_loss': 0.47505414485931396, 'eval_accuracy': 0.8581081081081081, 'eval_runtime': 3.6806, 'eval_samples_per_second': 80.421, 'eval_steps_per_second': 10.053, 'epoch': 6.08}
{'loss': 0.0393, 'grad_norm': 0.9384419322013855, 'learning_rate': 0.00013797297297297298, 'epoch': 6.22}
{'loss': 0.0192, 'grad_norm': 2.3560824394226074, 'learning_rate': 0.00013662162162162163, 'epoch': 6.35}
{'loss': 0.0927, 'grad_norm': 0.0623711533844471, 'learning_rate': 0.00013527027027027027, 'epoch': 6.49}
{'loss': 0.0133, 'grad_norm': 0.04794710874557495, 'learning_rate': 0.00013391891891891892, 'epoch': 6.62}
{'loss': 0.0964, 'grad_norm': 0.049479275941848755, 'learning_rate': 0.00013256756756756756, 'epoch': 6.76}
{'eval_loss': 0.5040977001190186, 'eval_accuracy': 0.8783783783783784, 'eval_runtime': 3.7231, 'eval_samples_per_second': 79.504, 'eval_steps_per_second': 9.938, 'epoch': 6.76}
{'loss': 0.0412, 'grad_norm': 0.48121631145477295, 'learning_rate': 0.00013121621621621624, 'epoch': 6.89}
{'loss': 0.1229, 'grad_norm': 5.98087739944458, 'learning_rate': 0.00012986486486486485, 'epoch': 7.03}
{'loss': 0.0753, 'grad_norm': 16.933366775512695, 'learning_rate': 0.00012851351351351353, 'epoch': 7.16}
{'loss': 0.1377, 'grad_norm': 9.472350120544434, 'learning_rate': 0.00012716216216216217, 'epoch': 7.3}
{'loss': 0.0637, 'grad_norm': 0.054917752742767334, 'learning_rate': 0.00012581081081081082, 'epoch': 7.43}
{'eval_loss': 0.37206223607063293, 'eval_accuracy': 0.8952702702702703, 'eval_runtime': 3.706, 'eval_samples_per_second': 79.871, 'eval_steps_per_second': 9.984, 'epoch': 7.43}
{'loss': 0.0623, 'grad_norm': 0.07526334375143051, 'learning_rate': 0.00012445945945945946, 'epoch': 7.57}
{'loss': 0.0404, 'grad_norm': 1.080634593963623, 'learning_rate': 0.0001231081081081081, 'epoch': 7.7}
{'loss': 0.0267, 'grad_norm': 3.917847156524658, 'learning_rate': 0.00012175675675675678, 'epoch': 7.84}
{'loss': 0.0765, 'grad_norm': 0.056020770221948624, 'learning_rate': 0.00012040540540540541, 'epoch': 7.97}
{'loss': 0.0264, 'grad_norm': 0.09190016239881516, 'learning_rate': 0.00011905405405405405, 'epoch': 8.11}
{'eval_loss': 0.4669763147830963, 'eval_accuracy': 0.8817567567567568, 'eval_runtime': 3.6853, 'eval_samples_per_second': 80.319, 'eval_steps_per_second': 10.04, 'epoch': 8.11}
{'loss': 0.0062, 'grad_norm': 0.03448707237839699, 'learning_rate': 0.00011770270270270271, 'epoch': 8.24}
{'loss': 0.067, 'grad_norm': 0.03327806666493416, 'learning_rate': 0.00011635135135135136, 'epoch': 8.38}
{'loss': 0.0185, 'grad_norm': 0.032958984375, 'learning_rate': 0.00011499999999999999, 'epoch': 8.51}
{'loss': 0.0053, 'grad_norm': 0.035796988755464554, 'learning_rate': 0.00011364864864864866, 'epoch': 8.65}
{'loss': 0.0114, 'grad_norm': 0.030447332188487053, 'learning_rate': 0.0001122972972972973, 'epoch': 8.78}
{'eval_loss': 0.5639992952346802, 'eval_accuracy': 0.8682432432432432, 'eval_runtime': 3.728, 'eval_samples_per_second': 79.399, 'eval_steps_per_second': 9.925, 'epoch': 8.78}
{'loss': 0.031, 'grad_norm': 0.027707764878869057, 'learning_rate': 0.00011094594594594597, 'epoch': 8.92}
{'loss': 0.0041, 'grad_norm': 0.0667625442147255, 'learning_rate': 0.0001095945945945946, 'epoch': 9.05}
{'loss': 0.0349, 'grad_norm': 0.026362886652350426, 'learning_rate': 0.00010824324324324324, 'epoch': 9.19}
{'loss': 0.0031, 'grad_norm': 0.033860307186841965, 'learning_rate': 0.0001068918918918919, 'epoch': 9.32}
{'loss': 0.0042, 'grad_norm': 0.024111811071634293, 'learning_rate': 0.00010554054054054055, 'epoch': 9.46}
{'eval_loss': 0.4552847445011139, 'eval_accuracy': 0.8918918918918919, 'eval_runtime': 3.6745, 'eval_samples_per_second': 80.555, 'eval_steps_per_second': 10.069, 'epoch': 9.46}
{'loss': 0.0029, 'grad_norm': 0.02368461899459362, 'learning_rate': 0.00010418918918918919, 'epoch': 9.59}
{'loss': 0.0027, 'grad_norm': 0.023552052676677704, 'learning_rate': 0.00010283783783783785, 'epoch': 9.73}
{'loss': 0.0027, 'grad_norm': 0.022607097402215004, 'learning_rate': 0.00010148648648648648, 'epoch': 9.86}
{'loss': 0.0026, 'grad_norm': 0.022735347971320152, 'learning_rate': 0.00010013513513513515, 'epoch': 10.0}
{'loss': 0.0025, 'grad_norm': 0.022020496428012848, 'learning_rate': 9.878378378378379e-05, 'epoch': 10.14}
{'eval_loss': 0.49014684557914734, 'eval_accuracy': 0.8918918918918919, 'eval_runtime': 3.6596, 'eval_samples_per_second': 80.884, 'eval_steps_per_second': 10.11, 'epoch': 10.14}
{'loss': 0.0023, 'grad_norm': 0.019794082269072533, 'learning_rate': 9.743243243243244e-05, 'epoch': 10.27}
{'loss': 0.0023, 'grad_norm': 0.022351521998643875, 'learning_rate': 9.608108108108108e-05, 'epoch': 10.41}
{'loss': 0.0022, 'grad_norm': 0.018690884113311768, 'learning_rate': 9.472972972972973e-05, 'epoch': 10.54}
{'loss': 0.0022, 'grad_norm': 0.018470704555511475, 'learning_rate': 9.337837837837838e-05, 'epoch': 10.68}
{'loss': 0.0021, 'grad_norm': 0.017710257321596146, 'learning_rate': 9.202702702702704e-05, 'epoch': 10.81}
{'eval_loss': 0.5073103904724121, 'eval_accuracy': 0.8918918918918919, 'eval_runtime': 3.7447, 'eval_samples_per_second': 79.045, 'eval_steps_per_second': 9.881, 'epoch': 10.81}
{'loss': 0.002, 'grad_norm': 0.017438286915421486, 'learning_rate': 9.067567567567567e-05, 'epoch': 10.95}
{'loss': 0.002, 'grad_norm': 0.016861790791153908, 'learning_rate': 8.932432432432433e-05, 'epoch': 11.08}
{'loss': 0.002, 'grad_norm': 0.016461797058582306, 'learning_rate': 8.797297297297297e-05, 'epoch': 11.22}
{'loss': 0.0019, 'grad_norm': 0.016270512714982033, 'learning_rate': 8.662162162162163e-05, 'epoch': 11.35}
{'loss': 0.0018, 'grad_norm': 0.015795227140188217, 'learning_rate': 8.527027027027026e-05, 'epoch': 11.49}
{'eval_loss': 0.5192754864692688, 'eval_accuracy': 0.8885135135135135, 'eval_runtime': 3.697, 'eval_samples_per_second': 80.064, 'eval_steps_per_second': 10.008, 'epoch': 11.49}
{'loss': 0.0018, 'grad_norm': 0.01602095551788807, 'learning_rate': 8.391891891891892e-05, 'epoch': 11.62}
{'loss': 0.0018, 'grad_norm': 0.015371652320027351, 'learning_rate': 8.256756756756757e-05, 'epoch': 11.76}
{'loss': 0.0017, 'grad_norm': 0.014638981781899929, 'learning_rate': 8.121621621621623e-05, 'epoch': 11.89}
{'loss': 0.0017, 'grad_norm': 0.014553607441484928, 'learning_rate': 7.986486486486486e-05, 'epoch': 12.03}
{'loss': 0.0017, 'grad_norm': 0.014606403186917305, 'learning_rate': 7.851351351351352e-05, 'epoch': 12.16}
{'eval_loss': 0.5296453237533569, 'eval_accuracy': 0.8885135135135135, 'eval_runtime': 3.6717, 'eval_samples_per_second': 80.617, 'eval_steps_per_second': 10.077, 'epoch': 12.16}
{'loss': 0.0016, 'grad_norm': 0.01477693673223257, 'learning_rate': 7.716216216216216e-05, 'epoch': 12.3}
{'loss': 0.0016, 'grad_norm': 0.014246348291635513, 'learning_rate': 7.581081081081082e-05, 'epoch': 12.43}
{'loss': 0.0016, 'grad_norm': 0.0135995764285326, 'learning_rate': 7.445945945945947e-05, 'epoch': 12.57}
{'loss': 0.0016, 'grad_norm': 0.013400094583630562, 'learning_rate': 7.310810810810811e-05, 'epoch': 12.7}
{'loss': 0.0015, 'grad_norm': 0.01288935262709856, 'learning_rate': 7.175675675675676e-05, 'epoch': 12.84}
{'eval_loss': 0.5382090210914612, 'eval_accuracy': 0.8885135135135135, 'eval_runtime': 3.7303, 'eval_samples_per_second': 79.35, 'eval_steps_per_second': 9.919, 'epoch': 12.84}
{'loss': 0.0015, 'grad_norm': 0.013132259249687195, 'learning_rate': 7.040540540540541e-05, 'epoch': 12.97}
{'loss': 0.0015, 'grad_norm': 0.012689592316746712, 'learning_rate': 6.905405405405406e-05, 'epoch': 13.11}
{'loss': 0.0015, 'grad_norm': 0.012488387525081635, 'learning_rate': 6.77027027027027e-05, 'epoch': 13.24}
{'loss': 0.0014, 'grad_norm': 0.012482822872698307, 'learning_rate': 6.635135135135135e-05, 'epoch': 13.38}
{'loss': 0.0014, 'grad_norm': 0.012404187582433224, 'learning_rate': 6.500000000000001e-05, 'epoch': 13.51}
{'eval_loss': 0.5455763339996338, 'eval_accuracy': 0.8885135135135135, 'eval_runtime': 3.6974, 'eval_samples_per_second': 80.056, 'eval_steps_per_second': 10.007, 'epoch': 13.51}
{'loss': 0.0014, 'grad_norm': 0.012438105419278145, 'learning_rate': 6.364864864864865e-05, 'epoch': 13.65}
{'loss': 0.0014, 'grad_norm': 0.011696504428982735, 'learning_rate': 6.22972972972973e-05, 'epoch': 13.78}
{'loss': 0.0014, 'grad_norm': 0.011747479438781738, 'learning_rate': 6.094594594594595e-05, 'epoch': 13.92}
{'loss': 0.0014, 'grad_norm': 0.01174862775951624, 'learning_rate': 5.95945945945946e-05, 'epoch': 14.05}
{'loss': 0.0013, 'grad_norm': 0.011667773127555847, 'learning_rate': 5.8243243243243254e-05, 'epoch': 14.19}
{'eval_loss': 0.552159309387207, 'eval_accuracy': 0.8885135135135135, 'eval_runtime': 3.6715, 'eval_samples_per_second': 80.621, 'eval_steps_per_second': 10.078, 'epoch': 14.19}
{'loss': 0.0013, 'grad_norm': 0.01156790554523468, 'learning_rate': 5.689189189189189e-05, 'epoch': 14.32}
{'loss': 0.0013, 'grad_norm': 0.011272055096924305, 'learning_rate': 5.5540540540540544e-05, 'epoch': 14.46}
{'loss': 0.0013, 'grad_norm': 0.011381478048861027, 'learning_rate': 5.4189189189189196e-05, 'epoch': 14.59}
{'loss': 0.0013, 'grad_norm': 0.011011254973709583, 'learning_rate': 5.283783783783785e-05, 'epoch': 14.73}
{'loss': 0.0012, 'grad_norm': 0.010826483368873596, 'learning_rate': 5.1486486486486486e-05, 'epoch': 14.86}
{'eval_loss': 0.5579314231872559, 'eval_accuracy': 0.8885135135135135, 'eval_runtime': 3.7235, 'eval_samples_per_second': 79.496, 'eval_steps_per_second': 9.937, 'epoch': 14.86}
{'loss': 0.0012, 'grad_norm': 0.010804764926433563, 'learning_rate': 5.013513513513514e-05, 'epoch': 15.0}
{'loss': 0.0012, 'grad_norm': 0.010411836206912994, 'learning_rate': 4.878378378378379e-05, 'epoch': 15.14}
{'loss': 0.0012, 'grad_norm': 0.010554878041148186, 'learning_rate': 4.7432432432432435e-05, 'epoch': 15.27}
{'loss': 0.0012, 'grad_norm': 0.010272706858813763, 'learning_rate': 4.608108108108109e-05, 'epoch': 15.41}
{'loss': 0.0012, 'grad_norm': 0.010143443010747433, 'learning_rate': 4.472972972972973e-05, 'epoch': 15.54}
{'eval_loss': 0.5630652904510498, 'eval_accuracy': 0.8851351351351351, 'eval_runtime': 3.6868, 'eval_samples_per_second': 80.287, 'eval_steps_per_second': 10.036, 'epoch': 15.54}
{'loss': 0.0012, 'grad_norm': 0.010257133282721043, 'learning_rate': 4.3378378378378384e-05, 'epoch': 15.68}
{'loss': 0.0012, 'grad_norm': 0.010224666446447372, 'learning_rate': 4.202702702702703e-05, 'epoch': 15.81}
{'loss': 0.0011, 'grad_norm': 0.01025253627449274, 'learning_rate': 4.067567567567568e-05, 'epoch': 15.95}
{'loss': 0.0011, 'grad_norm': 0.010072777979075909, 'learning_rate': 3.9324324324324326e-05, 'epoch': 16.08}
{'loss': 0.0011, 'grad_norm': 0.010161438025534153, 'learning_rate': 3.797297297297298e-05, 'epoch': 16.22}
{'eval_loss': 0.5670329928398132, 'eval_accuracy': 0.8851351351351351, 'eval_runtime': 3.6769, 'eval_samples_per_second': 80.502, 'eval_steps_per_second': 10.063, 'epoch': 16.22}
{'loss': 0.0011, 'grad_norm': 0.009975580498576164, 'learning_rate': 3.662162162162162e-05, 'epoch': 16.35}
{'loss': 0.0011, 'grad_norm': 0.009797743521630764, 'learning_rate': 3.5270270270270275e-05, 'epoch': 16.49}
{'loss': 0.0011, 'grad_norm': 0.009708458557724953, 'learning_rate': 3.391891891891892e-05, 'epoch': 16.62}
{'loss': 0.0011, 'grad_norm': 0.009605614468455315, 'learning_rate': 3.256756756756757e-05, 'epoch': 16.76}
{'loss': 0.0011, 'grad_norm': 0.009513896889984608, 'learning_rate': 3.121621621621622e-05, 'epoch': 16.89}
{'eval_loss': 0.5705363154411316, 'eval_accuracy': 0.8851351351351351, 'eval_runtime': 3.7401, 'eval_samples_per_second': 79.142, 'eval_steps_per_second': 9.893, 'epoch': 16.89}
{'loss': 0.0011, 'grad_norm': 0.009484302252531052, 'learning_rate': 2.9864864864864865e-05, 'epoch': 17.03}
{'loss': 0.0011, 'grad_norm': 0.009583476930856705, 'learning_rate': 2.8513513513513514e-05, 'epoch': 17.16}
{'loss': 0.0011, 'grad_norm': 0.009390241466462612, 'learning_rate': 2.7162162162162162e-05, 'epoch': 17.3}
{'loss': 0.0011, 'grad_norm': 0.009578097611665726, 'learning_rate': 2.581081081081081e-05, 'epoch': 17.43}
{'loss': 0.0011, 'grad_norm': 0.00981383491307497, 'learning_rate': 2.445945945945946e-05, 'epoch': 17.57}
{'eval_loss': 0.5732768177986145, 'eval_accuracy': 0.8851351351351351, 'eval_runtime': 3.6496, 'eval_samples_per_second': 81.105, 'eval_steps_per_second': 10.138, 'epoch': 17.57}
{'loss': 0.0011, 'grad_norm': 0.009261354804039001, 'learning_rate': 2.3108108108108108e-05, 'epoch': 17.7}
{'loss': 0.0011, 'grad_norm': 0.009165685623884201, 'learning_rate': 2.1756756756756756e-05, 'epoch': 17.84}
{'loss': 0.001, 'grad_norm': 0.009184052236378193, 'learning_rate': 2.0405405405405405e-05, 'epoch': 17.97}
{'loss': 0.001, 'grad_norm': 0.009000053629279137, 'learning_rate': 1.9054054054054053e-05, 'epoch': 18.11}
{'loss': 0.001, 'grad_norm': 0.009047390893101692, 'learning_rate': 1.7702702702702702e-05, 'epoch': 18.24}
{'eval_loss': 0.5754343271255493, 'eval_accuracy': 0.8851351351351351, 'eval_runtime': 3.7066, 'eval_samples_per_second': 79.858, 'eval_steps_per_second': 9.982, 'epoch': 18.24}
{'loss': 0.001, 'grad_norm': 0.00914203841239214, 'learning_rate': 1.635135135135135e-05, 'epoch': 18.38}
{'loss': 0.001, 'grad_norm': 0.008886941708624363, 'learning_rate': 1.5e-05, 'epoch': 18.51}
{'loss': 0.001, 'grad_norm': 0.009376692585647106, 'learning_rate': 1.3648648648648649e-05, 'epoch': 18.65}
{'loss': 0.001, 'grad_norm': 0.008923697285354137, 'learning_rate': 1.2297297297297299e-05, 'epoch': 18.78}
{'loss': 0.001, 'grad_norm': 0.008886097930371761, 'learning_rate': 1.0945945945945948e-05, 'epoch': 18.92}
{'eval_loss': 0.5768982768058777, 'eval_accuracy': 0.8851351351351351, 'eval_runtime': 3.7294, 'eval_samples_per_second': 79.369, 'eval_steps_per_second': 9.921, 'epoch': 18.92}
{'loss': 0.001, 'grad_norm': 0.00911713670939207, 'learning_rate': 9.594594594594596e-06, 'epoch': 19.05}
{'loss': 0.001, 'grad_norm': 0.008983765728771687, 'learning_rate': 8.243243243243245e-06, 'epoch': 19.19}
{'loss': 0.001, 'grad_norm': 0.009038209915161133, 'learning_rate': 6.891891891891893e-06, 'epoch': 19.32}
{'loss': 0.001, 'grad_norm': 0.00896757747977972, 'learning_rate': 5.5405405405405415e-06, 'epoch': 19.46}
{'loss': 0.001, 'grad_norm': 0.008805566467344761, 'learning_rate': 4.18918918918919e-06, 'epoch': 19.59}
{'eval_loss': 0.5776987075805664, 'eval_accuracy': 0.8851351351351351, 'eval_runtime': 3.6759, 'eval_samples_per_second': 80.525, 'eval_steps_per_second': 10.066, 'epoch': 19.59}
{'loss': 0.001, 'grad_norm': 0.008755181916058064, 'learning_rate': 2.837837837837838e-06, 'epoch': 19.73}
{'loss': 0.001, 'grad_norm': 0.009020963683724403, 'learning_rate': 1.4864864864864866e-06, 'epoch': 19.86}
{'loss': 0.001, 'grad_norm': 0.008895854465663433, 'learning_rate': 1.3513513513513515e-07, 'epoch': 20.0}
{'train_runtime': 617.8172, 'train_samples_per_second': 38.328, 'train_steps_per_second': 2.396, 'train_loss': 0.11896241063038139, 'epoch': 20.0}
***** train metrics *****
  epoch                    =         20.0
  total_flos               = 1708986530GF
  train_loss               =        0.119
  train_runtime            =   0:10:17.81
  train_samples_per_second =       38.328
  train_steps_per_second   =        2.396
Labels of Dataset: ['female', 'male']
